<?xml version="1.0" encoding="UTF-8"?>
<!-- Generated by org.testng.reporters.JUnitReportReporter -->
<testsuite hostname="Mayur" failures="0" tests="3" name="TestClasses.verifyUserCanCreateNewAddress" time="3.227" errors="0" timestamp="2022-10-13T12:28:17 IST" skipped="0">
  <testcase classname="TestClasses.verifyUserCanCreateNewAddress" name="verifyUserCanOpenMyProfilePage" time="0.648"/>
  <system-out>
    <![CDATA[Test Started
Test Passed]]>
  </system-out>
  <testcase classname="TestClasses.verifyUserCanCreateNewAddress" name="verifyUserCanCreateNewAddresses" time="1.194"/>
  <system-out>
    <![CDATA[Test Started
Test Passed]]>
  </system-out>
  <testcase classname="TestClasses.verifyUserCanCreateNewAddress" name="verifyUserCanCreateNewAddresses" time="1.385"/>
  <system-out>
    <![CDATA[Test Started
Test Passed]]>
  </system-out>
</testsuite> <!-- TestClasses.verifyUserCanCreateNewAddress -->
