<?xml version="1.0" encoding="UTF-8"?>
<!-- Generated by org.testng.reporters.JUnitReportReporter -->
<testsuite hostname="Mayur" failures="0" tests="2" name="TestClasses.verifyUserCanGetLowestProductPriceFromEachPage" time="6.829" errors="0" timestamp="2022-10-13T12:28:17 IST" skipped="0">
  <testcase classname="TestClasses.verifyUserCanGetLowestProductPriceFromEachPage" name="VerifyUserCanSearchProduct" time="1.379"/>
  <system-out>
    <![CDATA[Test Started
Test Passed]]>
  </system-out>
  <testcase classname="TestClasses.verifyUserCanGetLowestProductPriceFromEachPage" name="verifyUserCanGetLowestProductPriceFromEachPages" time="5.450"/>
  <system-out>
    <![CDATA[Test Started
Test Passed]]>
  </system-out>
</testsuite> <!-- TestClasses.verifyUserCanGetLowestProductPriceFromEachPage -->
