<?xml version="1.0" encoding="UTF-8"?>
<!-- Generated by org.testng.reporters.JUnitReportReporter -->
<testsuite hostname="Mayur" failures="0" tests="2" name="TestClasses.verifyUserCanGetLowestProductPriceFromEachPage" time="7.192" errors="0" timestamp="2022-10-13T11:29:14 IST" skipped="0">
  <testcase classname="TestClasses.verifyUserCanGetLowestProductPriceFromEachPage" name="VerifyUserCanSearchProduct" time="1.686"/>
  <system-out/>
  <testcase classname="TestClasses.verifyUserCanGetLowestProductPriceFromEachPage" name="verifyUserCanGetLowestProductPriceFromEachPages" time="5.506"/>
  <system-out/>
</testsuite> <!-- TestClasses.verifyUserCanGetLowestProductPriceFromEachPage -->
